[    0.000000] Initializing cgroup subsys cpuset
[    0.000000] Initializing cgroup subsys cpu
[    0.000000] Initializing cgroup subsys cpuacct
[    0.000000] Linux version 4.4.0-165-generic (buildd@lgw01-amd64-027) (gcc version 5.4.0 20160609 (Ubuntu 5.4.0-6ubuntu1~16.04.10) ) #193-Ubuntu SMP Tue Sep 17 17:42:52 UTC 2019 (Ubuntu 4.4.0-165.193-generic 4.4.189)
[    0.000000] Command line: BOOT_IMAGE=/boot/vmlinuz-4.4.0-165-generic root=LABEL=cloudimg-rootfs ro console=tty1 console=ttyS0
[    0.000000] KERNEL supported cpus:
[    0.0ntel GenuineIntel
[    0.000000]   AMD AuthenticAMD
[    0.000000]   Centaur CentaurHauls
[    0.000000] x86/fpu: xstate_offset[2]:  576, xstate_sizes[2]:  256
[    0.000000] x86/fpu: Supporting XSAVE feature 0x01: 'x87 floating point registers'
[    0.000000] x86/fpu: Supporting XSAVE feature 0x02: 'SSE registers'
[    0.000000] x86/fpu: Supporting XSAVE feature 0x04: 'AVX registers'
[    0.000000] x86/fpu: Enabled xstate features 0x7, context size is 832 bytes, using 'standard' format.
[    0.000000] e820: BIOS-provided physical RAM map:
[    0.000000] BIOS-e820: [mem 0x0000000000000000-0x000000000009fbff] usable
[    0.000000] BIOS-e820: [mem 0x000000000009fc00-0x000000000009ffff] reserved
[    0.000000] BIOS-e820: [mem 0x00000000000f0000-0x00000000000fffff] reserved
[    0.000000] BIOS-e820: [mem 0x0000000000100000-0x000000003ffeffff] usable
[    0.000000] BIOS-e820: [mem 0x000000003fff0000-0x000000003fffffff] ACPI data
[    0.000000] BIOS-e820: [mem 0x00000000fec00000-0x00000000fec00fff] reserved
[    0.000000] BIOS-e820: [mem 0x00000000fee00000-0x00000000fee00fff] reserved
[    0.000000] BIOS-e820: [mem 0x00000000fffc0000-0x00000000ffffffff] reserved
[    0.000000] NX (Execute Disable) protection: active
[    0.000000] SMBIOS 2.5 present.
[    0.000000] Hypervisor detected: KVM
[    0.000000] e820: last_pfn = 0x3fff0 max_arch_pfn = 0x400000000
[    0.000000] MTRR: Disabled
[    0.000000] x86/PAT: MTRRs disabled, skipping PAT initialization too.
[    0.000000] CPU MTRRs all blank - virtualized system.
[    0.000000] x86/PAT: Configuration [0-7]: WB  WT  UC- UC  WB  WT  UC- UC  
[    0.000000] found SMP MP-table at [mem 0x0009fff0-0x0009ffff] mapped at [ffff88000009fff0]
[    0.000000] Scanning 1 areas for low memory corruption
[    0.000000] RAMDISK: [mem 0x362fa000-0x37174fff]
[    0.000000] ACPI: Early table checksum verification disabled
[    0.000000] ACPI: RSDP 0x00000000000E0000 000024 (v02 VBOX  )
[    0.000000] ACPI: XSDT 0x000000003FFF0030 00003C (v01 VBOX   VBOXXSDT 00000001 ASL  00000061)
[    0.000000] ACPI: FACP 0x000000003FFF00F0 0000F4 (v04 VBOX   VBOXFACP 00000001 ASL  00000061)
[    0.000000] ACPI: DSDT 0x000000003FFF0470 0022EA (v02 VBOX   VBOXBIOS 00000002 INTL 20100528)
[    0.000000] ACPI: FACS 0x000000003FFF0200 000040
[    0.000000] ACPI: FACS 0x000000003FFF0200 000040
[    0.000000] ACPI: APIC 0x000000003FFF0240 00005C (v02 VBOX   VBOXAPIC 00000001 ASL  00000061)
[    0.000000] ACPI: SSDT 0x000000003FFF02A0 0001CC (v01 VBOX   VBOXCPUT 00000002 INTL 20100528)
[    0.000000] No NUMA configuration found
[    0.000000] Faking a node at [mem 0x0000000000000000-0x000000003ffeffff]
[    0.000000] NODE_DATA(0) allocated [mem 0x3ffeb000-0x3ffeffff]
[    0.000000] kvm-clock: Using msrs 4b564d01 and 4b564d00
[    0.000000] kvm-clock: cpu 0, msr 0:3ffe3001, primary cpu clock
[    0.000000] kvm-clock: using sched offset of 4552102221 cycles
[    0.000000] clocksource: kvm-clock: mask: 0xffffffffffffffff max_cycles: 0x1cd42e4dffb, max_idle_ns: 881590591483 ns
[    0.000000] Zone ranges:
[    0.000000]   DMA      [mem 0x0000000000001000-0x0000000000ffffff]
[    0.000000]   DMA32    [mem 0x0000000001000000-0x000000003ffeffff]
[    0.000000]   Normal   empty
[    0.000000]   Device   empty
[    0.000000] Movable zone start for each node
[    0.000000] Early memory node ranges
[    0.000000]   node   0: [mem 0x0000000000001000-0x000000000009efff]
[    0.000000]   node   0: [mem 0x0000000000100000-0x000000003ffeffff]
[    0.000000] Initmem setup node 0 [mem 0x0000000000001000-0x000000003ffeffff]
[    0.000000] ACPI: PM-Timer IO Port: 0x4008
[    0.000000] IOAPIC[0]: apic_id 2, version 32, address 0xfec00000, GSI 0-23
[    0.000000] ACPI: INT_SRC_OVR (bus 0 bus_irq 0 global_irq 2 dfl dfl)
[    0.000000] ACPI: INT_SRC_OVR (bus 0 bus_irq 9 global_irq 9 low level)
[    0.000000] Using ACPI (MADT) for SMP configuration information
[    0.000000] smpboot: Allowing 2 CPUs, 0 hotplug CPUs
[    0.000000] PM: Registered nosave memory: [mem 0x00000000-0x00000fff]
[    0.000000] PM: Registered nosave memory: [mem 0x0009f000-0x0009ffff]
[    0.000000] PM: Registered nosave memory: [mem 0x000a0000-0x000effff]
[    0.000000] PM: Registered nosave memory: [mem 0x000f0000-0x000fffff]
[    0.000000] e820: [mem 0x40000000-0xfebfffff] available for PCI devices
[    0.000000] Booting paravirtualized kernel on KVM
[    0.000000] clocksource: refined-jiffies: mask: 0xffffffff max_cycles: 0xffffffff, max_idle_ns: 7645519600211568 ns
[    0.000000] setup_percpu: NR_CPUS:512 nr_cpumask_bits:512 nr_cpu_ids:2 nr_node_ids:1
[    0.000000] PERCPU: Embedded 34 pages/cpu @ffff88003fc00000 s99544 r8192 d31528 u1048576
[    0.000000] Built 1 zonelists in Node order, mobility grouping on.  Total pages: 257912
[    0.000000] Policy zone: DMA32
[    0.000000] Kernel command line: BOOT_IMAGE=/boot/vmlinuz-4.4.0-165-generic root=LABEL=cloudimg-rootfs ro console=tty1 console=ttyS0
[    0.000000] PID hash table entries: 4096 (order: 3, 32768 bytes)
[    0.000000] Memory: 997732K/1048120K available (8621K kernel code, 1335K rwdata, 4032K rodata, 1484K init, 1284K bss, 50388K reserved, 0K cma-reserved)
[    0.000000] SLUB: HWalign=64, Order=0-3, MinObjects=0, CPUs=2, Nodes=1
[    0.000000] Kernel/User page tables isolation: enabled
[    0.000000] Hierarchical RCU implementation.
[    0.000000] 	Build-time adjustment of leaf fanout to 64.
[    0.000000] 	RCU restricting CPUs from NR_CPUS=512 to nr_cpu_ids=2.
[    0.000000] RCU: Adjusting geometry for rcu_fanout_leaf=64, nr_cpu_ids=2
[    0.000000] NR_IRQS:33024 nr_irqs:440 16
[    0.000000] Console: colour VGA+ 80x25
[    0.000000] console [tty1] enabled
[    0.000000] console [ttyS0] enabled
[    0.000000] tsc: Detected 2903.998 MHz processor
[    0.576223] Calibrating delay loop (skipped) preset value.. 5807.99 BogoMIPS (lpj=11615992)
[    0.580126] pid_max: default: 32768 minimum: 301
[    0.582161] ACPI: Core revision 20150930
[    0.587456] ACPI: 2 ACPI AML tables successfully acquired and loaded
[    0.590542] Security Framework initialized
[    0.592931] Yama: becoming mindful.
[    0.594648] AppArmor: AppArmor initialized
[    0.596875] Dentry cache hash table entries: 131072 (order: 8, 1048576 bytes)
[    0.605615] Inode-cache hash table entries: 65536 (order: 7, 524288 bytes)
[    0.608573] Mount-cache hash table entries: 2048 (order: 2, 16384 bytes)
[    0.611425] Mountpoint-cache hash table entries: 2048 (order: 2, 16384 bytes)
[    0.614488] Initializing cgroup subsys io
[    0.616444] Initializing cgroup subsys memory
[    0.618580] Initializing cgroup subsys devices
[    0.620658] Initializing cgroup subsys freezer
[    0.622706] Initializing cgroup subsys net_cls
[    0.624682] Initializing cgroup subsys perf_event
[    0.626808] Initializing cgroup subsys net_prio
[    0.628829] Initializing cgroup subsys hugetlb
[    0.630951] Initializing cgroup subsys pids
[    0.635424] mce: CPU supports 0 MCE banks
[    0.637304] Last level iTLB entries: 4KB 64, 2MB 8, 4MB 8
[    0.639616] Last level dTLB entries: 4KB 64, 2MB 0, 4MB 0, 1GB 4
[    0.642245] Spectre V1 : Mitigation: usercopy/swapgs barriers and __user pointer sanitization
[    0.646665] Spectre V2 : Mitigation: Full generic retpoline
[    0.648996] Spectre V2 : Spectre v2 / SpectreRSB mitigation: Filling RSB on context switch
[    0.652519] Speculative Store Bypass: Vulnerable
[    0.654909] MDS: Vulnerable: Clear CPU buffers attempted, no microcode
[    0.675707] Freeing SMP alternatives memory: 36K
[    0.691934] ftrace: allocating 32318 entries in 127 pages
[    0.855720] smpboot: APIC(0) Converting physical 0 to logical package 0
[    0.858663] smpboot: Max logical packages: 1
[    0.861421] x2apic enabled
[    0.863018] Switched APIC routing to physical x2apic.
[    0.865871] ..TIMER: vector=0x30 apic1=0 pin1=2 apic2=-1 pin2=-1
[    0.974115] smpboot: CPU0: Intel(R) Core(TM) i7-7500U CPU @ 2.70GHz (family: 0x6, model: 0x8e, stepping: 0x9)
[    0.977511] Performance Events: unsupported p6 CPU model 142 no PMU driver, software events only.
[    1.011692] KVM setup paravirtual spinlock
[    1.016214] x86: Booting SMP configuration:
[    1.019090] .... node  #0, CPUs:      #1
[    1.021926] kvm-clock: cpu 1, msr 0:3ffe3041, secondary cpu clock
[    1.028244] mce: CPU supports 0 MCE banks
[    1.031738] x86: Booted up 1 node, 2 CPUs
[    1.035427] smpboot: Total of 2 processors activated (11615.99 BogoMIPS)
[    1.040704] devtmpfs: initialized
[    1.048286] evm: security.selinux
[    1.052115] evm: security.SMACK64
[    1.054976] evm: security.SMACK64EXEC
[    1.057817] evm: security.SMACK64TRANSMUTE
[    1.061359] evm: security.SMACK64MMAP
[    1.063942] evm: security.ima
[    1.066134] evm: security.capability
[    1.069451] clocksource: jiffies: mask: 0xffffffff max_cycles: 0xffffffff, max_idle_ns: 7645041785100000 ns
[    1.076261] futex hash table entries: 512 (order: 3, 32768 bytes)
[    1.080706] pinctrl core: initialized pinctrl subsystem
[    1.084306] RTC time:  8:33:27, date: 10/11/19
[    1.087693] NET: Registered protocol family 16
[    1.103928] cpuidle: using governor ladder
[    1.119580] cpuidle: using governor menu
[    1.122632] PCCT header not found.
[    1.125463] ACPI: bus type PCI registered
[    1.128293] acpiphp: ACPI Hot Plug PCI Controller Driver version: 0.5
[    1.132510] PCI: Using configuration type 1 for base access
[    1.153157] ACPI: Added _OSI(Module Device)
[    1.156683] ACPI: Added _OSI(Processor Device)
[    1.160888] ACPI: Added _OSI(3.0 _SCP Extensions)
[    1.165847] ACPI: Added _OSI(Processor Aggregator Device)
[    1.171254] ACPI: Executed 1 blocks of module-level executable AML code
[    1.178605] ACPI: Interpreter enabled
[    1.180125] ACPI: (supports S0 S5)
[    1.181810] ACPI: Using IOAPIC for interrupt routing
[    1.185029] PCI: Using host bridge windows from ACPI; if necessary, use "pci=nocrs" and report a bug
[    1.200771] ACPI: PCI Root Bridge [PCI0] (domain 0000 [bus 00-ff])
[    1.203808] acpi PNP0A03:00: _OSC: OS supports [ASPM ClockPM Segments MSI]
[    1.207893] acpi PNP0A03:00: _OSC: not requesting OS control; OS requires [ExtendedConfig ASPM ClockPM MSI]
[    1.212604] acpi PNP0A03:00: fail to add MMCONFIG information, can't access extended PCI configuration space under this bridge.
[    1.218406] PCI host bridge to bus 0000:00
[    1.220810] pci_bus 0000:00: root bus resource [io  0x0000-0x0cf7 window]
[    1.223709] pci_bus 0000:00: root bus resource [io  0x0d00-0xffff window]
[    1.227090] pci_bus 0000:00: root bus resource [mem 0x000a0000-0x000bffff window]
[    1.233004] pci_bus 0000:00: root bus resource [mem 0x40000000-0xfdffffff window]
[    1.235696] pci_bus 0000:00: root bus resource [bus 00-ff]
[    1.240222] pci 0000:00:01.1: legacy IDE quirk: reg 0x10: [io  0x01f0-0x01f7]
[    1.242737] pci 0000:00:01.1: legacy IDE quirk: reg 0x14: [io  0x03f6]
[    1.244594] pci 0000:00:01.1: legacy IDE quirk: reg 0x18: [io  0x0170-0x0177]
[    1.246687] pci 0000:00:01.1: legacy IDE quirk: reg 0x1c: [io  0x0376]
[    1.298811] pci 0000:00:07.0: quirk: [io  0x4000-0x403f] claimed by PIIX4 ACPI
[    1.302097] pci 0000:00:07.0: quirk: [io  0x4100-0x410f] claimed by PIIX4 SMB
[    1.313589] ACPI: PCI Interrupt Link [LNKA] (IRQs 5 9 10 *11)
[    1.316177] ACPI: PCI Interrupt Link [LNKB] (IRQs 5 9 *10 11)
[    1.318562] ACPI: PCI Interrupt Link [LNKC] (IRQs 5 *9 10 11)
[    1.320953] ACPI: PCI Interrupt Link [LNKD] (IRQs 5 9 10 *11)
[    1.323532] ACPI: Enabled 2 GPEs in block 00 to 07
[    1.325881] vgaarb: setting as boot device: PCI:0000:00:02.0
[    1.327550] vgaarb: device added: PCI:0000:00:02.0,decodes=io+mem,owns=io+mem,locks=none
[    1.330266] vgaarb: loaded
[    1.331366] vgaarb: bridge control possible 0000:00:02.0
[    1.333366] SCSI subsystem initialized
[    1.334863] ACPI: bus type USB registered
[    1.336218] usbcore: registered new interface driver usbfs
[    1.337916] usbcore: registered new interface driver hub
[    1.339588] usbcore: registered new device driver usb
[    1.341502] PCI: Using ACPI for IRQ routing
[    1.343342] NetLabel: Initializing
[    1.344479] NetLabel:  domain hash size = 128
[    1.345728] NetLabel:  protocols = UNLABELED CIPSOv4
[    1.350580] NetLabel:  unlabeled traffic allowed by default
[    1.352354] amd_nb: Cannot enumerate AMD northbridges
[    1.354010] clocksource: Switched to clocksource kvm-clock
[    1.368975] AppArmor: AppArmor Filesystem Enabled
[    1.370551] pnp: PnP ACPI init
[    1.372772] pnp: PnP ACPI: found 3 devices
[    1.385670] clocksource: acpi_pm: mask: 0xffffff max_cycles: 0xffffff, max_idle_ns: 2085701024 ns
[    1.388456] NET: Registered protocol family 2
[    1.389736] TCP established hash table entries: 8192 (order: 4, 65536 bytes)
[    1.391813] TCP bind hash table entries: 8192 (order: 5, 131072 bytes)
[    1.393683] TCP: Hash tables configured (established 8192 bind 8192)
[    1.395484] UDP hash table entries: 512 (order: 2, 16384 bytes)
[    1.396998] UDP-Lite hash table entries: 512 (order: 2, 16384 bytes)
[    1.398483] NET: Registered protocol family 1
[    1.399686] pci 0000:00:00.0: Limiting direct PCI/PCI transfers
[    1.401122] pci 0000:00:01.0: Activating ISA DMA hang workarounds
[    1.402662] Unpacking initramfs...
[    1.864187] Freeing initrd memory: 14828K
[    1.867166] clocksource: tsc: mask: 0xffffffffffffffff max_cycles: 0x29dc03c1beb, max_idle_ns: 440795205215 ns
[    1.872687] platform rtc_cmos: registered platform RTC device (no PNP device found)
[    1.883339] Scanning for low memory corruption every 60 seconds
[    1.886618] audit: initializing netlink subsys (disabled)
[    1.888902] audit: type=2000 audit(1570782813.772:1): initialized
[    1.892437] Initialise system trusted keyring
[    1.894878] HugeTLB registered 2 MB page size, pre-allocated 0 pages
[    1.900369] zbud: loaded
[    1.902838] VFS: Disk quotas dquot_6.6.0
[    1.904723] VFS: Dquot-cache hash table entries: 512 (order 0, 4096 bytes)
[    1.908132] squashfs: version 4.0 (2009/01/31) Phillip Lougher
[    1.911542] fuse init (API version 7.23)
[    1.913557] Key type big_key registered
[    1.915608] Allocating IMA MOK and blacklist keyrings.
[    1.922807] Key type asymmetric registered
[    1.924057] Asymmetric key parser 'x509' registered
[    1.925438] Block layer SCSI generic (bsg) driver version 0.4 loaded (major 249)
[    1.927735] io scheduler noop registered
[    1.928950] io scheduler deadline registered (default)
[    1.930402] io scheduler cfq registered
[    1.931614] pci_hotplug: PCI Hot Plug PCI Core version: 0.5
[    1.933085] pciehp: PCI Express Hot Plug Controller Driver version: 0.4
[    1.935066] ACPI: AC Adapter [AC] (off-line)
[    1.936277] input: Power Button as /devices/LNXSYSTM:00/LNXPWRBN:00/input/input0
[    1.938937] ACPI: Power Button [PWRF]
[    1.940105] input: Sleep Button as /devices/LNXSYSTM:00/LNXSLPBN:00/input/input1
[    1.942706] ACPI: Sleep Button [SLPF]
[    1.945275] ACPI: Battery Slot [BAT0] (battery present)
[    1.947075] GHES: HEST is not enabled!
[    1.948256] Serial: 8250/16550 driver, 32 ports, IRQ sharing enabled
[    1.971879] 00:02: ttyS0 at I/O 0x3f8 (irq = 4, base_baud = 115200) is a 16550A
[    1.975656] Linux agpgart interface v0.103
[    1.980108] loop: module loaded
[    1.982558] scsi host0: ata_piix
[    1.983824] scsi host1: ata_piix
[    1.984806] ata1: PATA max UDMA/33 cmd 0x1f0 ctl 0x3f6 bmdma 0xd000 irq 14
[    1.986508] ata2: PATA max UDMA/33 cmd 0x170 ctl 0x376 bmdma 0xd008 irq 15
[    1.988575] libphy: Fixed MDIO Bus: probed
[    1.989879] tun: Universal TUN/TAP device driver, 1.6
[    1.991231] tun: (C) 1999-2004 Max Krasnyansky <maxk@qualcomm.com>
[    1.992757] PPP generic driver version 2.4.2
[    1.994076] ehci_hcd: USB 2.0 'Enhanced' Host Controller (EHCI) Driver
[    1.995821] ehci-pci: EHCI PCI platform driver
[    1.996998] ehci-platform: EHCI generic platform driver
[    1.998220] ohci_hcd: USB 1.1 'Open' Host Controller (OHCI) Driver
[    1.999706] ohci-pci: OHCI PCI platform driver
[    2.000798] ohci-platform: OHCI generic platform driver
[    2.002018] uhci_hcd: USB Universal Host Controller Interface driver
[    2.003603] i8042: PNP: PS/2 Controller [PNP0303:PS2K,PNP0f03:PS2M] at 0x60,0x64 irq 1,12
[    2.007009] serio: i8042 KBD port at 0x60,0x64 irq 1
[    2.008338] serio: i8042 AUX port at 0x60,0x64 irq 12
[    2.009979] mousedev: PS/2 mouse device common for all mice
[    2.012140] rtc_cmos rtc_cmos: rtc core: registered rtc_cmos as rtc0
[    2.014265] input: AT Translated Set 2 keyboard as /devices/platform/i8042/serio0/input/input2
[    2.017256] rtc_cmos rtc_cmos: alarms up to one day, 114 bytes nvram
[    2.019871] i2c /dev entries driver
[    2.021281] device-mapper: uevent: version 1.0.3
[    2.023279] device-mapper: ioctl: 4.34.0-ioctl (2015-10-28) initialised: dm-devel@redhat.com
[    2.026054] ledtrig-cpu: registered to indicate activity on CPUs
[    2.029217] NET: Registered protocol family 10
[    2.031008] NET: Registered protocol family 17
[    2.032801] Key type dns_resolver registered
[    2.035272] registered taskstats version 1
[    2.036733] Loading compiled-in X.509 certificates
[    2.039983] Loaded X.509 cert 'Build time autogenerated kernel key: 0ed82eac04367aa6426493b1389455ebf6830eaa'
[    2.043754] zswap: loaded using pool lzo/zbud
[    2.048491] Key type trusted registered
[    2.055540] Key type encrypted registered
[    2.056848] AppArmor: AppArmor sha1 policy hashing enabled
[    2.059423] ima: No TPM chip found, activating TPM-bypass!
[    2.061212] ima: Allocated hash algorithm: sha1
[    2.062980] evm: HMAC attrs: 0x1
[    2.065148]   Magic number: 7:726:573
[    2.066987] rtc_cmos rtc_cmos: setting system clock to 2019-10-11 08:33:28 UTC (1570782808)
[    2.069994] BIOS EDD facility v0.16 2004-Jun-25, 0 devices found
[    2.071555] EDD information not available.
[    2.380508] Freeing unused kernel memory: 1484K
[    2.386645] Write protecting the kernel read-only data: 14336k
[    2.395946] Freeing unused kernel memory: 1608K
[    2.400875] Freeing unused kernel memory: 64K
Loading, please wait...
starting version 229
[    2.437777] random: systemd-udevd: uninitialized urandom read (16 bytes read, 5 bits of entropy available)
[    2.439154] random: udevadm: uninitialized urandom read (16 bytes read, 5 bits of entropy available)
[    2.439186] random: udevadm: uninitialized urandom read (16 bytes read, 5 bits of entropy available)
[    2.455040] random: systemd-udevd: uninitialized urandom read (16 bytes read, 5 bits of entropy available)
[    2.456981] random: udevadm: uninitialized urandom read (16 bytes read, 5 bits of entropy available)
[    2.457053] random: udevadm: uninitialized urandom read (16 bytes read, 5 bits of entropy available)
[    2.457396] random: udevadm: uninitialized urandom read (16 bytes read, 5 bits of entropy available)
[    2.457494] random: udevadm: uninitialized urandom read (16 bytes read, 5 bits of entropy available)
[    2.457585] random: udevadm: uninitialized urandom read (16 bytes read, 5 bits of entropy available)
[    2.457678] random: udevadm: uninitialized urandom read (16 bytes read, 5 bits of entropy available)
[    2.520607] e1000: Intel(R) PRO/1000 Network Driver - version 7.3.21-k8-NAPI
[    2.527723] e1000: Copyright (c) 1999-2006 Intel Corporation.
[    2.534212] Fusion MPT base driver 3.04.20
[    2.539664] Copyright (c) 1999-2008 LSI Corporation
[    2.552702] Fusion MPT SPI Host driver 3.04.20
[    2.577959] AVX2 version of gcm_enc/dec engaged.
[    2.580228] AES CTR mode by8 optimization enabled
[    2.752887] input: ImExPS/2 Generic Explorer Mouse as /devices/platform/i8042/serio1/input/input4
[    3.006670] e1000 0000:00:03.0 eth0: (PCI:33MHz:32-bit) 02:0e:9b:2d:5b:92
[    3.129408] e1000 0000:00:03.0 eth0: Intel(R) PRO/1000 Network Connection
[    3.132954] mptbase: ioc0: Initiating bringup
[    3.133656] e1000 0000:00:03.0 enp0s3: renamed from eth0
[    3.199565] ioc0: LSI53C1030 A0: Capabilities={Initiator}
[    3.389140] scsi host2: ioc0: LSI53C1030 A0, FwRev=00000000h, Ports=1, MaxQ=256, IRQ=20
[    3.511361] scsi 2:0:0:0: Direct-Access     VBOX     HARDDISK         1.0  PQ: 0 ANSI: 5
[    3.519305] scsi target2:0:0: Beginning Domain Validation
[    3.527796] scsi target2:0:0: Domain Validation skipping write tests
[    3.532113] scsi target2:0:0: Ending Domain Validation
[    3.537655] scsi target2:0:0: asynchronous
[    3.543449] scsi 2:0:1:0: Direct-Access     VBOX     HARDDISK         1.0  PQ: 0 ANSI: 5
[    3.549157] scsi target2:0:1: Beginning Domain Validation
[    3.556675] scsi target2:0:1: Domain Validation skipping write tests
[    3.563197] scsi target2:0:1: Ending Domain Validation
[    3.568495] scsi target2:0:1: asynchronous
[    3.630757] sd 2:0:0:0: [sda] 20971520 512-byte logical blocks: (10.7 GB/10.0 GiB)
[    3.634867] sd 2:0:0:0: [sda] Write Protect is off
[    3.636872] sd 2:0:0:0: [sda] Incomplete mode parameter data
[    3.638890] sd 2:0:0:0: [sda] Assuming drive cache: write through
[    3.641202] sd 2:0:0:0: Attached scsi generic sg0 type 0
[    3.644938] sd 2:0:1:0: [sdb] 20480 512-byte logical blocks: (10.5 MB/10.0 MiB)
[    3.649671] sd 2:0:1:0: Attached scsi generic sg1 type 0
[    3.650455] sd 2:0:1:0: [sdb] Write Protect is off
[    3.650667] sd 2:0:1:0: [sdb] Incomplete mode parameter data
[    3.650668] sd 2:0:1:0: [sdb] Assuming drive cache: write through
[    3.656334]  sda: sda1
[    3.657302] sd 2:0:0:0: [sda] Attached SCSI disk
[    3.658918] sd 2:0:1:0: [sdb] Attached SCSI disk
Begin: Loading essential drivers ... [    5.527447] md: linear personality registered for level -1
[    5.533117] md: multipath personality registered for level -4
[    5.539666] md: raid0 personality registered for level 0
[    5.546886] md: raid1 personality registered for level 1
[    5.622114] raid6: sse2x1   gen()  6481 MB/s
[    5.690136] raid6: sse2x1   xor()  5042 MB/s
[    5.758398] raid6: sse2x2   gen()  6870 MB/s
[    5.826220] raid6: sse2x2   xor()  4190 MB/s
[    5.894159] raid6: sse2x4   gen()  8533 MB/s
[    5.962508] raid6: sse2x4   xor()  6503 MB/s
[    6.030077] raid6: avx2x1   gen() 12228 MB/s
[    6.098188] raid6: avx2x2   gen() 13044 MB/s
[    6.166444] raid6: avx2x4   gen() 16382 MB/s
[    6.167808] raid6: using algorithm avx2x4 gen() 16382 MB/s
[    6.169354] raid6: using avx2x2 recovery algorithm
[    6.173025] xor: automatically using best checksumming function:
[    6.210063]    avx       : 18379.000 MB/sec
[    6.213633] async_tx: api initialized (async)
[    6.233219] md: raid6 personality registered for level 6
[    6.234968] md: raid5 personality registered for level 5
[    6.236675] md: raid4 personality registered for level 4
[    6.247068] md: raid10 personality registered for level 10
done.
Begin: Running /scripts/init-premount ... done.
Begin: Mounting root file system ... Begin: Running /scripts/local-top ... done.
Begin: Running /scripts/local-premount ... [    6.303854] Btrfs loaded
Scanning for Btrfs filesystems
done.
Warning: fsck not present, so skipping root file system
[    6.355908] EXT4-fs (sda1): mounted filesystem with ordered data mode. Opts: (null)
done.
Begin: Running /scripts/local-bottom ... done.
Begin: Running /scripts/init-bottom ... done.
[    6.537024] systemd[1]: systemd 229 running in system mode. (+PAM +AUDIT +SELINUX +IMA +APPARMOR +SMACK +SYSVINIT +UTMP +LIBCRYPTSETUP +GCRYPT +GNUTLS +ACL +XZ -LZ4 +SECCOMP +BLKID +ELFUTILS +KMOD -IDN)
[    6.543122] systemd[1]: Detected virtualization oracle.
[    6.544548] systemd[1]: Detected architecture x86-64.

Welcome to [1mUbuntu 16.04.6 LTS[0m!

[    6.550007] systemd[1]: Set hostname to <ubuntu>.
[    6.555291] systemd[1]: Initializing machine ID from random generator.
[    6.557297] systemd[1]: Installed transient /etc/machine-id file.
[    6.812684] systemd[1]: Listening on LVM2 metadata daemon socket.
[[0;32m  OK  [0m] Listening on LVM2 metadata daemon socket.
[    6.822980] systemd[1]: Listening on Device-mapper event daemon FIFOs.
[[0;32m  OK  [0m] Listening on Device-mapper event daemon FIFOs.
[    6.865587] systemd[1]: Listening on LVM2 poll daemon socket.
[[0;32m  OK  [0m] Listening on LVM2 poll daemon socket.
[    6.871849] systemd[1]: Set up automount Arbitrary Executable File Formats File System Automount Point.
[[0;32m  OK  [0m] Set up automount Arbitrary Executab...ats File System Automount Point.
[    6.880229] systemd[1]: Started Trigger resolvconf update for networkd DNS.
[[0;32m  OK  [0m] Started Trigger resolvconf update for networkd DNS.
[    6.887001] systemd[1]: Listening on Journal Socket (/dev/log).
[[0;32m  OK  [0m] Listening on Journal Socket (/dev/log).
[    6.892027] systemd[1]: Reached target Encrypted Volumes.
[[0;32m  OK  [0m] Reached target Encrypted Volumes.
[    6.897411] systemd[1]: Started Forward Password Requests to Wall Directory Watch.
[[0;32m  OK  [0m] Started Forward Password Requests to Wall Directory Watch.
[    6.903121] systemd[1]: Listening on Journal Socket.
[[0;32m  OK  [0m] Listening on Journal Socket.
[    7.844408] systemd[1]: Listening on udev Kernel Socket.
[[0;32m  OK  [0m] Listening on udev Kernel Socket.
[    7.873014] systemd[1]: Created slice User and Session Slice.
[[0;32m  OK  [0m] Created slice User and Session Slice.
[    7.884978] systemd[1]: Created slice System Slice.
[[0;32m  OK  [0m] Created slice System Slice.
[    7.907470] systemd[1]: Starting Set console keymap...
         Starting Set console keymap...
[    7.922280] systemd[1]: Starting Uncomplicated firewall...
         Starting Uncomplicated firewall...
[    7.950404] systemd[1]: Starting Monitoring of LVM2 mirrors, snapshots etc. using dmeventd or progress polling...
         Starting Monitoring of LVM2 mirrors... dmeventd or progress polling...
[    7.973201] systemd[1]: Created slice system-serial\x2dgetty.slice.
[[0;32m  OK  [0m] Created slice system-serial\x2dgetty.slice.
[    8.022937] systemd[1]: Starting Create list of required static device nodes for the current kernel...
         Starting Create list of required st... nodes for the current kernel...
[    8.060499] systemd[1]: Mounting Huge Pages File System...
         Mounting Huge Pages File System...
[    8.098450] systemd[1]: Starting Nameserver information manager...
         Starting Nameserver information manager...
[    8.110766] systemd[1]: Mounting POSIX Message Queue File System...
         Mounting POSIX Message Queue File System...
[    8.138853] systemd[1]: Listening on Syslog Socket.
[[0;32m  OK  [0m] Listening on Syslog Socket.
[    8.154776] systemd[1]: Reached target User and Group Name Lookups.
[[0;32m  OK  [0m] Reached target User and Group Name Lookups.
[    8.199587] systemd[1]: Starting Remount Root and Kernel File Systems...
         Starting Remount Root and Kernel File Systems...
[    8.223297] systemd[1]: Mounting Debug File System...
[    8.228542] EXT4-fs (sda1): re-mounted. Opts: (null)
         Mounting Debug File System...
[    8.259269] random: nonblocking pool is initialized
[    8.279265] systemd[1]: Starting Load Kernel Modules...
         Starting Load Kernel Modules...
[    8.285624] systemd[1]: Reached target Swap.
[[0;32m  OK  [0m] Reached target Swap.
[    8.293110] systemd[1]: Listening on /dev/initctl Compatibility Named Pipe.
[[0;32m  OK  [0m] Listening on /dev/initctl Compatibility Named Pipe.
[    8.301878] systemd[1]: Reached target System Time Synchronized.
[[0;32m  OK  [0m] Reached target System Time Synchronized.
[    8.309874] systemd[1]: Listening on udev Control Socket.
[[0;32m  OK  [0m] Listening on udev Control Socket.
[    8.319410] systemd[1]: Listening on Journal Audit Socket.
[[0;32m  OK  [0m] Listening on Journal Audit Socket.
[    8.328990] systemd[1]: Starting Journal Service...
         Starting Journal Service...
[    8.336285] systemd[1]: Reached target Slices.
[[0;32m  OK  [0m] Reached target Slices.
[    8.344844] systemd[1]: Mounted POSIX Message Queue File System.
[[0;32m  OK  [0m] Mounted POSIX Message Queue File System.
[    8.349025] systemd[1]: Mounted Debug File System.
[[0;32m  OK  [0m] Mounted Debug File System.
[    8.354465] systemd[1]: Mounted Huge Pages File System.
[[0;32m  OK  [0m] Mounted Huge Pages File System.
[    8.358955] systemd[1]: Started Set console keymap.
[[0;32m  OK  [0m] Started Set console keymap.
[    8.364037] systemd[1]: Started Uncomplicated firewall.
[[0;32m  OK  [0m] Started Uncomplicated firewall.
[    8.368608] systemd[1]: Started Create list of required static device nodes for the current kernel.
[[0;32m  OK  [0m] Started Create list of required sta...ce nodes for the current kernel.
[    8.387586] systemd[1]: Started Remount Root and Kernel File Systems.
[[0;32m  OK  [0m] Started Remount Root and Kernel File Systems.
[    8.482488] systemd[1]: Started LVM2 metadata daemon.
[[0;32m  OK  [0m] Started LVM2 metadata daemon.
[    8.619479] systemd[1]: Starting udev Coldplug all Devices...
         Starting udev Coldplug all Devices...
[    8.641726] Loading iSCSI transport class v2.0-870.
[    8.654553] systemd[1]: Starting Load/Save Random Seed...
         Starting Load/Save Random Seed...
[    8.694667] systemd[1]: Starting Create Static Device Nodes in /dev...
[    8.705561] iscsi: registered transport (tcp)
         Starting Create Static Device Nodes in /dev...
[    8.714543] systemd[1]: Started Nameserver information manager.
[[0;32m  OK  [0m] Started Nameserver information manager.
[    8.723830] systemd[1]: Started Load/Save Random Seed.
[[0;32m  OK  [0m] Started Load/Save Random Seed.
[    8.734077] systemd[1]: Started Journal Service.
[[0;32m  OK  [0m] Started Journal Service.
[[0;32m  OK  [0m] Started Monitoring of LVM2 mirrors,...ng dmeventd or progress polling.
[[0;32m  OK  [0m] Started udev Coldplug all Devices.
[[0;32m  OK  [0m] Started Create Static Device Nodes in /dev.
[    8.807258] iscsi: registered transport (iser)
         Starting udev Kernel Device Manager...
[[0;32m  OK  [0m] Reached target Local File Systems (Pre).
[[0;32m  OK  [0m] Reached target Local File Systems.
         Starting Set console font and keymap...
         Starting Tell Plymouth To Write Out Runtime Data...
         Starting Initial cloud-init job (pre-networking)...
         Starting LSB: AppArmor initialization...
         Starting Commit a transient machine-id on disk...
         Starting Flush Journal to Persistent Storage...
[[0;32m  OK  [0m] Started Load Kernel Modules.
[[0;32m  OK  [0m] Started Tell Plymouth To Write Out Runtime Data.
[[0;32m  OK  [0m] Started udev Kernel Device Manager.
[[0;32m  OK  [0m] Started Commit a transient machine-id on disk.
[    8.923002] systemd-journald[401]: Received request to flush runtime journal from PID 1
[[0;32m  OK  [0m] Started Dispatch Password Requests to Console Directory Watch.
         Starting Apply Kernel Variables...
         Mounting FUSE Control File System...
[[0;32m  OK  [0m] Mounted FUSE Control File System.
[[0;32m  OK  [0m] Started Flush Journal to Persistent Storage.
[[0;32m  OK  [0m] Started Apply Kernel Variables.
         Starting Create Volatile Files and Directories...
[[0;32m  OK  [0m] Started Create Volatile Files and Directories.
         Starting Update UTMP about System Boot/Shutdown...
[[0;32m  OK  [0m] Started Update UTMP about System Boot/Shutdown.
[[0;32m  OK  [0m] Found device /dev/ttyS0.
[[0;32m  OK  [0m] Listening on Load/Save RF Kill Switch Status /dev/rfkill Watch.
[[0;32m  OK  [0m] Started Set console font and keymap.
[[0;32m  OK  [0m] Created slice system-getty.slice.
[[0;32m  OK  [0m] Started LSB: AppArmor initialization.
[   12.961558] cloud-init[463]: Cloud-init v. 19.2-36-g059d049c-0ubuntu1~16.04.1 running 'init-local' at Fri, 11 Oct 2019 08:33:39 +0000. Up 12.36 seconds.
[[0;32m  OK  [0m] Started Initial cloud-init job (pre-networking).
[[0;32m  OK  [0m] Reached target Network (Pre).
         Starting Raise network interfaces...
[[0;32m  OK  [0m] Started Raise network interfaces.
[[0;32m  OK  [0m] Reached target Network.
         Starting Initial cloud-init job (metadata service crawler)...
[   15.304531] cloud-init[957]: Cloud-init v. 19.2-36-g059d049c-0ubuntu1~16.04.1 running 'init' at Fri, 11 Oct 2019 08:33:41 +0000. Up 14.24 seconds.
[   15.313151] cloud-init[957]: ci-info: +++++++++++++++++++++++++++++++++++++Net device info++++++++++++++++++++++++++++++++++++++
[   15.321218] cloud-init[957]: ci-info: +--------+------+---------------------------+---------------+--------+-------------------+
[   15.324276] cloud-init[957]: ci-info: | Device |  Up  |          Address          |      Mask     | Scope  |     Hw-Address    |
[   15.327228] cloud-init[957]: ci-info: +--------+------+---------------------------+---------------+--------+-------------------+
[   15.329333] cloud-init[957]: ci-info: | enp0s3 | True |         10.0.2.15         | 255.255.255.0 | global | 02:0e:9b:2d:5b:92 |
[   15.331085] cloud-init[957]: ci-info: | enp0s3 | True | fe80::e:9bff:fe2d:5b92/64 |       .       |  link  | 02:0e:9b:2d:5b:92 |
[   15.333193] cloud-init[957]: ci-info: |   lo   | True |         127.0.0.1         |   255.0.0.0   |  host  |         .         |
[   15.340438] cloud-init[957]: ci-info: |   lo   | True |          ::1/128          |       .       |  host  |         .         |
[   15.349560] cloud-init[957]: ci-info: +--------+------+---------------------------+---------------+--------+-------------------+
[   15.352132] cloud-init[957]: ci-info: +++++++++++++++++++++++++++Route IPv4 info++++++++++++++++++++++++++++
[   15.361157] cloud-init[957]: ci-info: +-------+-------------+----------+---------------+-----------+-------+
[   15.368924] cloud-init[957]: ci-info: | Route | Destination | Gateway  |    Genmask    | Interface | Flags |
[   15.376872] cloud-init[957]: ci-info: +-------+-------------+----------+---------------+-----------+-------+
[   15.378838] cloud-init[957]: ci-info: |   0   |   0.0.0.0   | 10.0.2.2 |    0.0.0.0    |   enp0s3  |   UG  |
[   15.381030] cloud-init[957]: ci-info: |   1   |   10.0.2.0  | 0.0.0.0  | 255.255.255.0 |   enp0s3  |   U   |
[   15.383237] cloud-init[957]: ci-info: +-------+-------------+----------+---------------+-----------+-------+
[   15.385461] cloud-init[957]: ci-info: +++++++++++++++++++Route IPv6 info+++++++++++++++++++
[   15.386821] cloud-init[957]: ci-info: +-------+-------------+---------+-----------+-------+
[   15.388152] cloud-init[957]: ci-info: | Route | Destination | Gateway | Interface | Flags |
[   15.397291] cloud-init[957]: ci-info: +-------+-------------+---------+-----------+-------+
[   15.397582] cloud-init[957]: ci-info: |   0   |  fe80::/64  |    ::   |   enp0s3  |   U   |
[   15.398662] cloud-init[957]: ci-info: |   3   |   ff00::/8  |    ::   |   enp0s3  |   U   |
[[0;32m  OK  [0m] Started Initial cloud-init job (metadata service crawler).
[   15.399060] cloud-init[957]: ci-info: +-------+-------------+---------+-----------+-------+
[   15.399232] cloud-init[957]: Generating public/private rsa key pair.
[   15.399492] cloud-init[957]: Your identification has been saved in /etc/ssh/ssh_host_rsa_key.
[   15.402095] cloud-init[957]: Your public key has been saved in /etc/ssh/ssh_host_rsa_key.pub.
[[0;32m  OK  [0m] Reached target Network is Online.
[   15.402308] cloud-init[957]: The key fingerprint is:
[   15.405732] cloud-init[957]: SHA256:yGMeGfLGhGdi5A3yje2vQk4bvlaTgxpgHeY0A+20C3M root@ubuntu-xenial
[   15.407206] cloud-init[957]: The key's randomart image is:
[   15.407977] cloud-init[957]: +---[RSA 2048]----+
[   15.408930] cloud-init[957]: | .+ o            |
[   15.409920] cloud-init[957]: |   & B           |
[   15.410790] cloud-init[957]: |  B & O          |
[   15.411769] cloud-init[957]: |.+ E @ +         |
[   15.412774] cloud-init[957]: |..+ ..%.S        |
[   15.413754] cloud-init[957]: |  ..=+=+         |
[   15.414726] cloud-init[957]: |   B +.o.        |
[   15.415528] cloud-init[957]: |  . *  .         |
[   15.416625] cloud-init[957]: |   ..o.          |
[   15.416821] cloud-init[957]: +----[SHA256]-----+
[   15.417122] cloud-init[957]: Generating public/private dsa key pair.
[   15.417742] cloud-init[957]: Your identification has been saved in /etc/ssh/ssh_host_dsa_key.
[   15.418381] cloud-init[957]: Your public key has been saved in /etc/ssh/ssh_host_dsa_key.pub.
[   15.418971] cloud-init[957]: The key fingerprint is:
[   15.419617] cloud-init[957]: SHA256:QU+052Gw0tHJPlwyXIISaRYVP5AP2xsM7Y3DvrUt3mo root@ubuntu-xenial
[   15.420430] cloud-init[957]: The key's randomart image is:
[   15.420582] cloud-init[957]: +---[DSA 1024]----+
[   15.420752] cloud-init[957]: |        +*OO.o.  |
         Starting iSCSI initiator daemon (iscsid)...
[[0;32m  OK  [0m] Reached target Cloud-config availability.
[   15.420934] cloud-init[[0;32m  OK  [0m] Reached target System Initialization.
[[0;32m  OK  [0m] Started Daily apt download activities.
[[0;32m  OK  [0m] Listening on ACPID Listen Socket.
[957]: |       .=+=BO..  |
[   15.446846]          Starting LXD - unix socket.
[[0;32m  OK  [0m] Listening on D-Bus System Message Bus Socket.
[[0;32m  OK  [0m] Started Daily apt upgrade and clean activities.
         Starting Socket activation for snappy daemon.
cloud-init[957]: |       oo.=%**   |
[   15.450964] [[0;32m  OK  [0m] Started ACPI Events Check.
[[0;32m  OK  [0m] Reached target Paths.
[[0;32m  OK  [0m] Listening on UUID daemon activation socket.
[[0;32m  OK  [0m] Started Daily Cleanup of Temporary Directories.
[[0;32m  OK  [0m] Reached target Timers.
cloud-init[957]: |         o.+&o.  |
[   15.454961] cloud-init[957]: |        S  ..=   |
[   15.456317] cloud-init[957]: |            o .  |
[   15.464930] cloud-init[957]: |             o o |
[   15.472602] cloud-init[957]: |            . E..|
[   15.473825] cloud-init[957]: |             ooo.|
[   15.474234] cloud-init[957]: +----[SHA256]-----+
[   15.474856] cloud-init[957]: Generating public/private ecdsa key pair.
[   15.475454] cloud-init[957]: Your identification has been saved in /etc/ssh/ssh_host_ecdsa_key.
[   15.476734] cloud-init[957]: Your public key has been saved in /etc/ssh/ssh_host_ecdsa_key.pub.
[   15.477169] cloud-init[957]: The key fingerprint is:
[   15.477269] cloud-init[957]: SHA256:xBstQnyZliy8r3zrLsn1jFmAUOQdtgcTK3ulma1kcqY root@ubuntu-xenial
[   15.477361] cloud-init[957]: The key's randomart image is:
[   15.477448] cloud-init[957]: +---[ECDSA 256]---+
[[   15.477531] [0;32m  OK  [0mcloud-init] [957]: Listening on LXD - unix socket.|     =+.*=       |

[   15.477619] cloud-init[957]: |    .o++BB       |
[   15.489868] cloud-init[957]: |     .+*O +      |
[   15.490567] cloud-init[957]: |      o=.@       |
[   15.491356] cloud-init[957]: |      o.S..      |
[   15.492825] cloud-init[957]: |       Oo..      |[
[0;32m  OK  [0m] Listening on Socket activation for snappy daemon.
[   15.492945] cloud-init[957]: |     oE+.*       |
[[   15.496065] cloud-init[957]: |      * + o      |
[   15.496550] cloud-init[957]: |       =+.       |
[   15.497678] cloud-init[957]: +----[SHA256]-----+
[   15.498444] cloud-init[957]: Generating public/private ed25519 key pair.
[   15.499399] cloud-init[957]: Your identification has been saved in /etc/ssh/ssh_host_ed25519_key.
[   15.501044] cloud-init[957]: Your public key has been saved in /etc/ssh/ssh_host_ed25519_key.pub.
[   15.501849] cloud-init[957]: The key fingerprint is:
[   15.502415] cloud-init[957]: SHA256:IkHURpyL6hA+ba4g3ns9JSjG1bru8ecYR2S4cvvNvN4 root@ubuntu-xenial
[   15.503232] cloud-init[957]: The key's randomart image is:
[   15.504025] cloud-init[957]: +--[ED25519 256]--+
[   15.504843] cloud-init[957]: |   .o+..         |
[   15.505625] cloud-init[957]: |   .  = .        |
[   15.506443] cloud-init[957]: |    .o.o o       |
[   15.507205] cloud-init[957]: |.   .o..+        |
[   15.507386] cloud-init[957]: |..o.o.+oS.       |
[0;32m  OK  [0m[   15.507464] ] cloud-initStarted iSCSI initiator daemon (iscsid).[957]: 
|.o.* +ooo.       |
[   15.507552] cloud-init[957]: |oo= ..ooo.       |
[   15.513809] cloud-init[957]: |+ o. ooo=.+ .    |
[   15.515238] cloud-init[957]: | o.o=o o+o.*.E   |
[   15.516289] cloud-init[957]: +----[SHA256]-----+
         Starting Login to default iSCSI targets...
[[0;32m  OK  [0m] Reached target Sockets.
[[0;32m  OK  [0m] Reached target Basic System.
         Starting System Logging Service...
[[0;32m  OK  [0m] Started Deferred execution scheduler.
         Starting Pollinate to seed the pseudo random number generator...
         Starting LSB: Record successful boot for GRUB...
         Starting Accounts Service...
         Starting /etc/rc.local Compatibility...
         Starting LSB: MD monitoring daemon...
         Starting LXD - container startup/shutdown...
[[0;32m  OK  [0m] Started Regular background program processing daemon.
[[0;32m  OK  [0m] Started D-Bus System Message Bus.
         Starting Login Service...
[[0;32m  OK  [0m] Started ACPI event daemon.
         Starting Snappy daemon...
[[0;32m  OK  [0m] Started FUSE filesystem for LXC.
         Starting Virtualbox guest utils...
[[0;32m  OK  [0m] Started System Logging Service.
[[0;32m  OK  [0m] Started /etc/rc.local Compatibility.
[[0;32m  OK  [0m] Started Login to default iSCSI targets.
[[0;32m  OK  [0m] Started LSB: Record successful boot for GRUB.
[[0;32m  OK  [0m] Started LSB: MD monitoring daemon.
         Starting Authenticate and Authorize Users to Run Privileged Tasks...
[[0;32m  OK  [0m] Reached target Remote File Systems (Pre).
[[0;32m  OK  [0m] Reached target Remote File Systems.
         Starting LSB: daemon to balance interrupts for SMP systems...
         Starting LSB: Set the CPU Frequency Scaling governor to "ondemand"...
         Starting Permit User Sessions...
         Starting LSB: automatic crash report generation...
[[0;32m  OK  [0m] Started Permit User Sessions.
[[0;32m  OK  [0m] Started Login Service.
[[0;32m  OK  [0m] Started Authenticate and Authorize Users to Run Privileged Tasks.
[[0;32m  OK  [0m] Started Unattended Upgrades Shutdown.
         Starting Hold until boot process finishes up...
         Starting Terminate Plymouth Boot Screen...
[[0;32m  OK  [0m] Started LXD - container startup/shutdown.
[[0;32m  OK  [0m] Started LSB: Set the CPU Frequency Scaling governor to "ondemand".
[[0;32m  OK  [0m] Started Hold until boot process finishes up.
[[0;32m  OK  [0m] Started LSB: daemon to balance interrupts for SMP systems.
[[0;32m  OK  [0m] Started Terminate Plymouth Boot Screen.
[[0;32m  OK  [0m] Started Accounts Service.
[[0;32m  OK  [0m] Started Getty on tty1.
         Starting Set console scheme...
[[0;32m  OK  [0m] Started Serial Getty on ttyS0.
[[0;32m  OK  [0m] Reached target Login Prompts.
[[0;32m  OK  [0m] Started Pollinate to seed the pseudo random number generator.
[[0;32m  OK  [0m] Started Virtualbox guest utils.
[[0;32m  OK  [0m] Started LSB: automatic crash report generation.
[[0;32m  OK  [0m] Started Set console scheme.
         Starting OpenBSD Secure Shell server...
[[0;32m  OK  [0m] Started OpenBSD Secure Shell server.
[[0;32m  OK  [0m] Started Snappy daemon.
         Starting Wait until snapd is fully seeded...
[[0;32m  OK  [0m] Created slice User Slice of vagrant.
         Starting User Manager for UID 1000...
[[0;32m  OK  [0m] Started Session 1 of user vagrant.
[[0;32m  OK  [0m] Started User Manager for UID 1000.
[[0;32m  OK  [0m] Started Wait until snapd is fully seeded.
[[0;32m  OK  [0m] Reached target Multi-User System.
[[0;32m  OK  [0m] Reached target Graphical Interface.
         Starting Update UTMP about System Runlevel Changes...
         Starting Apply the settings specified in cloud-config...
[[0;32m  OK  [0m] Started Update UTMP about System Runlevel Changes.
[   21.561599] cloud-init[1393]: Generating locales (this might take a while)...

Ubuntu 16.04.6 LTS ubuntu-xenial ttyS0

ubuntu-xenial login: [   22.982487] cloud-init[1393]:   en_US.UTF-8... done
[   22.984420] cloud-init[1393]: Generation complete.
[   23.520062] cloud-init[1393]: Cloud-init v. 19.2-36-g059d049c-0ubuntu1~16.04.1 running 'modules:config' at Fri, 11 Oct 2019 08:33:48 +0000. Up 21.31 seconds.
ci-info: no authorized ssh keys fingerprints found for user ubuntu.
<14>Oct 11 08:33:51 ec2: 
<14>Oct 11 08:33:51 ec2: #############################################################
<14>Oct 11 08:33:51 ec2: -----BEGIN SSH HOST KEY FINGERPRINTS-----
<14>Oct 11 08:33:51 ec2: 1024 SHA256:QU+052Gw0tHJPlwyXIISaRYVP5AP2xsM7Y3DvrUt3mo root@ubuntu-xenial (DSA)
<14>Oct 11 08:33:51 ec2: 256 SHA256:xBstQnyZliy8r3zrLsn1jFmAUOQdtgcTK3ulma1kcqY root@ubuntu-xenial (ECDSA)
<14>Oct 11 08:33:51 ec2: 256 SHA256:IkHURpyL6hA+ba4g3ns9JSjG1bru8ecYR2S4cvvNvN4 root@ubuntu-xenial (ED25519)
<14>Oct 11 08:33:51 ec2: 2048 SHA256:yGMeGfLGhGdi5A3yje2vQk4bvlaTgxpgHeY0A+20C3M root@ubuntu-xenial (RSA)
<14>Oct 11 08:33:51 ec2: -----END SSH HOST KEY FINGERPRINTS-----
<14>Oct 11 08:33:51 ec2: #############################################################
-----BEGIN SSH HOST KEY KEYS-----
ecdsa-sha2-nistp256 AAAAE2VjZHNhLXNoYTItbmlzdHAyNTYAAAAIbmlzdHAyNTYAAABBBIlBWjzC42T6l4lj1a2Boi7R4oaI5zYNMD3U1gX0HI+eC4Qg+OpTuc6yUktRqGzZjz8O5AY47/LNXsPEsI6uFN8= root@ubuntu-xenial
ssh-ed25519 AAAAC3NzaC1lZDI1NTE5AAAAIEAyQCTaFTDPdcDupwoP6Nv5wuD2Y7sNSsojqzzIOeWO root@ubuntu-xenial
ssh-rsa AAAAB3NzaC1yc2EAAAADAQABAAABAQDSipppZsO7mj13cWRLFGeHo3dzjPErD3NTuOKiSshoBleyfx+RAktahRIE9SzdJwOHH43x/QwUM4g3WlGbWQgqalhauWZMMTUonO/iRx9lIv8S0DtZWOHYvd0HwZlxKQzTcwgxK+90Kod7IFOaohd1JWcONhwRtKFZp4BdIVngUEkcMuAgH0zG/IZv0edEGPwChg69uxWPfOaV1VfkOLfBpqll6+yL87kfBufBhY6meAdKmUTAb70z7DBLR0AhWWb5Zduc4Yvz1InxL/2edSvv84LwM0YJkoqNPwqQYPZzhjhchxN9PQpIE9ppX7P9743QNuyuWjkUMd9sXr0cot19 root@ubuntu-xenial
-----END SSH HOST KEY KEYS-----
[   24.346408] cloud-init[1558]: Cloud-init v. 19.2-36-g059d049c-0ubuntu1~16.04.1 running 'modules:final' at Fri, 11 Oct 2019 08:33:51 +0000. Up 24.13 seconds.
[   24.347661] cloud-init[1558]: ci-info: no authorized ssh keys fingerprints found for user ubuntu.
[   24.347928] cloud-init[1558]: Cloud-init v. 19.2-36-g059d049c-0ubuntu1~16.04.1 finished at Fri, 11 Oct 2019 08:33:51 +0000. Datasource DataSourceNoCloud [seed=/dev/sdb][dsmode=net].  Up 24.32 seconds
